
=== Sun Feb 27 11:32:01 2022

Packages were changed.
Update Mode: mergeDefaultDependencies

The following packages were added:
  com.unity.collab-proxy@1.15.12
  com.unity.ide.rider@2.0.7
  com.unity.ide.visualstudio@2.0.14
  com.unity.ide.vscode@1.2.4
  com.unity.modules.ai@1.0.0
  com.unity.modules.androidjni@1.0.0
  com.unity.modules.animation@1.0.0
  com.unity.modules.assetbundle@1.0.0
  com.unity.modules.audio@1.0.0
  com.unity.modules.cloth@1.0.0
  com.unity.modules.director@1.0.0
  com.unity.modules.imageconversion@1.0.0
  com.unity.modules.imgui@1.0.0
  com.unity.modules.jsonserialize@1.0.0
  com.unity.modules.particlesystem@1.0.0
  com.unity.modules.physics@1.0.0
  com.unity.modules.screencapture@1.0.0
  com.unity.modules.terrain@1.0.0
  com.unity.modules.terrainphysics@1.0.0
  com.unity.modules.tilemap@1.0.0
  com.unity.modules.ui@1.0.0
  com.unity.modules.uielements@1.0.0
  com.unity.modules.umbra@1.0.0
  com.unity.modules.unityanalytics@1.0.0
  com.unity.modules.unitywebrequest@1.0.0
  com.unity.modules.unitywebrequestassetbundle@1.0.0
  com.unity.modules.unitywebrequestaudio@1.0.0
  com.unity.modules.unitywebrequesttexture@1.0.0
  com.unity.modules.unitywebrequestwww@1.0.0
  com.unity.modules.vehicles@1.0.0
  com.unity.modules.video@1.0.0
  com.unity.modules.wind@1.0.0
  com.unity.test-framework@1.1.29
  com.unity.textmeshpro@3.0.6
  com.unity.timeline@1.4.8
  com.unity.ugui@1.0.0
The following packages were updated:
  com.unity.xr.management from version 4.0.1 to 4.2.0
  com.unity.xr.oculus from version 1.8.1 to 1.11.2
  com.unity.xr.windowsmr from version 4.4.1 to 4.6.1

=== Sat Apr  9 21:37:48 2022

Packages were changed.
Update Mode: updateDependencies

The following packages were updated:
  com.unity.xr.oculus from version 1.11.2 to 1.12.0

=== Thu Jun  2 12:57:30 2022

Packages were changed.
Update Mode: updateDependencies

The following packages were updated:
  com.unity.xr.openxr from version 1.3.1 to 1.4.1

=== Sat Jan 13 18:56:27 2024

Packages were changed.
Update Mode: updateDependencies

The following packages were updated:
  com.unity.collab-proxy from version 1.15.18 to 2.0.4
  com.unity.ide.rider from version 2.0.7 to 3.0.21
  com.unity.ide.visualstudio from version 2.0.16 to 2.0.18
  com.unity.test-framework from version 1.1.31 to 1.1.33
  com.unity.xr.openxr from version 1.4.2 to 1.7.0

=== Wed Feb  7 21:07:40 2024

Packages were changed.
Update Mode: updateDependencies

The following packages were added:
  com.unity.ai.navigation@1.1.5
The following packages were updated:
  com.unity.collab-proxy from version 2.0.7 to 2.2.0
  com.unity.learn.iet-framework from version 1.2.3 to 3.1.3
  com.unity.mobile.android-logcat from version 1.3.2 to 1.4.0
  com.unity.timeline from version 1.4.8 to 1.7.6
  com.unity.xr.arfoundation from version 4.1.13 to 5.1.1
  com.unity.xr.interaction.toolkit from version 2.0.4 to 2.5.2
  com.unity.xr.management from version 4.3.3 to 4.4.0
  com.unity.xr.openxr from version 1.7.0 to 1.9.1

=== Sun Feb 18 16:52:48 2024

Packages were changed.
Update Mode: updateDependencies

The following packages were updated:
  com.unity.xr.openxr from version 1.9.1 to 1.10.0
